<?xml version="1.0" encoding="UTF-8"?>
<!-- Generated by org.testng.reporters.JUnitXMLReporter -->
<testsuite ignored="0" hostname="INFOSEUM33" failures="5" tests="5" name="Test" time="5.13" errors="0" timestamp="2023-06-27T16:20:24 GMT-04:00">
  <testcase classname="TestNG.P3_GroupsAttributeWithIncludeAndExclude" name="browserLaunch" time="0.0">
    <failure type="org.testng.TestNGException" message="
Parameter &amp;apos;url&amp;apos; is required by @Test on method browserLaunch but has not been marked @Optional or defined
in C:\Users\Aditya Shinde\git\15March2023SelMavenDependencies\15March2023SeleniumDependencies\testng.xml">
      <![CDATA[org.testng.TestNGException: 
Parameter 'url' is required by @Test on method browserLaunch but has not been marked @Optional or defined
in C:\Users\Aditya Shinde\git\15March2023SelMavenDependencies\15March2023SeleniumDependencies\testng.xml
at java.base/java.util.concurrent.ThreadPoolExecutor.runWorker(ThreadPoolExecutor.java:1136)
at java.base/java.util.concurrent.ThreadPoolExecutor$Worker.run(ThreadPoolExecutor.java:635)
at java.base/java.lang.Thread.run(Thread.java:833)
... Removed 11 stack frames]]>
    </failure>
  </testcase> <!-- browserLaunch -->
  <testcase classname="TestNG.P3_GroupsAttributeWithIncludeAndExclude" name="urlValidation" time="0.006">
    <failure type="java.lang.NullPointerException" message="Cannot invoke &amp;quot;org.openqa.selenium.WebDriver.getCurrentUrl()&amp;quot; because &amp;quot;TestNG.P3_GroupsAttributeWithIncludeAndExclude.driver&amp;quot; is null">
      <![CDATA[java.lang.NullPointerException: Cannot invoke "org.openqa.selenium.WebDriver.getCurrentUrl()" because "TestNG.P3_GroupsAttributeWithIncludeAndExclude.driver" is null
at TestNG.P3_GroupsAttributeWithIncludeAndExclude.urlValidation(P3_GroupsAttributeWithIncludeAndExclude.java:42)
at java.base/java.util.concurrent.ThreadPoolExecutor.runWorker(ThreadPoolExecutor.java:1136)
at java.base/java.util.concurrent.ThreadPoolExecutor$Worker.run(ThreadPoolExecutor.java:635)
at java.base/java.lang.Thread.run(Thread.java:833)
... Removed 12 stack frames]]>
    </failure>
  </testcase> <!-- urlValidation -->
  <testcase classname="TestNG.P3_GroupsAttributeWithIncludeAndExclude" name="titleValidation" time="0.001">
    <failure type="java.lang.NullPointerException" message="Cannot invoke &amp;quot;org.openqa.selenium.WebDriver.getTitle()&amp;quot; because &amp;quot;TestNG.P3_GroupsAttributeWithIncludeAndExclude.driver&amp;quot; is null">
      <![CDATA[java.lang.NullPointerException: Cannot invoke "org.openqa.selenium.WebDriver.getTitle()" because "TestNG.P3_GroupsAttributeWithIncludeAndExclude.driver" is null
at TestNG.P3_GroupsAttributeWithIncludeAndExclude.titleValidation(P3_GroupsAttributeWithIncludeAndExclude.java:52)
at java.base/java.util.concurrent.ThreadPoolExecutor.runWorker(ThreadPoolExecutor.java:1136)
at java.base/java.util.concurrent.ThreadPoolExecutor$Worker.run(ThreadPoolExecutor.java:635)
at java.base/java.lang.Thread.run(Thread.java:833)
... Removed 12 stack frames]]>
    </failure>
  </testcase> <!-- titleValidation -->
  <testcase classname="TestNG.P3_GroupsAttributeWithIncludeAndExclude" name="loginValidation" time="0.0">
    <failure type="org.testng.TestNGException" message="
Parameter &amp;apos;username&amp;apos; is required by @Test on method loginValidation but has not been marked @Optional or defined
in C:\Users\Aditya Shinde\git\15March2023SelMavenDependencies\15March2023SeleniumDependencies\testng.xml">
      <![CDATA[org.testng.TestNGException: 
Parameter 'username' is required by @Test on method loginValidation but has not been marked @Optional or defined
in C:\Users\Aditya Shinde\git\15March2023SelMavenDependencies\15March2023SeleniumDependencies\testng.xml
at java.base/java.util.concurrent.ThreadPoolExecutor.runWorker(ThreadPoolExecutor.java:1136)
at java.base/java.util.concurrent.ThreadPoolExecutor$Worker.run(ThreadPoolExecutor.java:635)
at java.base/java.lang.Thread.run(Thread.java:833)
... Removed 11 stack frames]]>
    </failure>
  </testcase> <!-- loginValidation -->
  <testcase classname="TestNG.P3_GroupsAttributeWithIncludeAndExclude" name="tearDown" time="5.002">
    <failure type="java.lang.NullPointerException" message="Cannot invoke &amp;quot;org.openqa.selenium.WebDriver.quit()&amp;quot; because &amp;quot;TestNG.P3_GroupsAttributeWithIncludeAndExclude.driver&amp;quot; is null">
      <![CDATA[java.lang.NullPointerException: Cannot invoke "org.openqa.selenium.WebDriver.quit()" because "TestNG.P3_GroupsAttributeWithIncludeAndExclude.driver" is null
at TestNG.P3_GroupsAttributeWithIncludeAndExclude.tearDown(P3_GroupsAttributeWithIncludeAndExclude.java:78)
at java.base/java.util.concurrent.ThreadPoolExecutor.runWorker(ThreadPoolExecutor.java:1136)
at java.base/java.util.concurrent.ThreadPoolExecutor$Worker.run(ThreadPoolExecutor.java:635)
at java.base/java.lang.Thread.run(Thread.java:833)
... Removed 12 stack frames]]>
    </failure>
  </testcase> <!-- tearDown -->
</testsuite> <!-- Test -->
